[2025-08-11T05:54:37.039403+00:00] main.CRITICAL: PDOException: SQLSTATE[HY000] [1044] Access denied for user 'magento'@'%' to database 'wraptitemanufact_tiudemo' in /var/www/html/vendor/magento/zend-db/library/Zend/Db/Adapter/Pdo/Abstract.php:128
Stack trace:
#0 /var/www/html/vendor/magento/zend-db/library/Zend/Db/Adapter/Pdo/Abstract.php(128): PDO->__construct('mysql:host=mysq...', 'magento', Object(SensitiveParameterValue), Array)
#1 /var/www/html/vendor/magento/zend-db/library/Zend/Db/Adapter/Pdo/Mysql.php(111): Zend_Db_Adapter_Pdo_Abstract->_connect()
#2 /var/www/html/vendor/magento/framework/DB/Adapter/Pdo/Mysql.php(512): Zend_Db_Adapter_Pdo_Mysql->_connect()
#3 /var/www/html/vendor/magento/zend-db/library/Zend/Db/Adapter/Abstract.php(460): Magento\Framework\DB\Adapter\Pdo\Mysql->_connect()
#4 /var/www/html/vendor/magento/zend-db/library/Zend/Db/Adapter/Pdo/Abstract.php(242): Zend_Db_Adapter_Abstract->query('SELECT GET_LOCK...', Array)
#5 /var/www/html/vendor/magento/framework/DB/Adapter/Pdo/Mysql.php(641): Zend_Db_Adapter_Pdo_Abstract->query('SELECT GET_LOCK...', Array)
#6 /var/www/html/vendor/magento/framework/DB/Adapter/Pdo/Mysql.php(667): Magento\Framework\DB\Adapter\Pdo\Mysql->Magento\Framework\DB\Adapter\Pdo\{closure}()
#7 /var/www/html/vendor/magento/framework/DB/Adapter/Pdo/Mysql.php(641): Magento\Framework\DB\Adapter\Pdo\Mysql->performQuery(Object(Closure))
#8 /var/www/html/vendor/magento/framework/DB/Adapter/Pdo/Mysql.php(731): Magento\Framework\DB\Adapter\Pdo\Mysql->_query('SELECT GET_LOCK...', Array)
#9 /var/www/html/generated/code/Magento/Framework/DB/Adapter/Pdo/Mysql/Interceptor.php(95): Magento\Framework\DB\Adapter\Pdo\Mysql->query('SELECT GET_LOCK...', Array)
#10 /var/www/html/vendor/magento/framework/Lock/Backend/Database.php(82): Magento\Framework\DB\Adapter\Pdo\Mysql\Interceptor->query('SELECT GET_LOCK...', Array)
#11 /var/www/html/vendor/magento/framework/Lock/Proxy.php(56): Magento\Framework\Lock\Backend\Database->lock('wraptitemanufac...', 0)
#12 /var/www/html/vendor/magento/framework/Cache/LockGuardedCacheLoader.php(129): Magento\Framework\Lock\Proxy->lock('SYSTEM_CONFIG', 0)
#13 /var/www/html/vendor/magento/module-config/App/Config/Type/System.php(287): Magento\Framework\Cache\LockGuardedCacheLoader->lockedLoadData('SYSTEM_CONFIG', Object(Closure), Object(Closure), Object(Closure))
#14 /var/www/html/vendor/magento/module-config/App/Config/Type/System.php(214): Magento\Config\App\Config\Type\System->loadDefaultScopeData()
#15 /var/www/html/vendor/magento/module-config/App/Config/Type/System.php(189): Magento\Config\App\Config\Type\System->getWithParts('default/newreli...')
#16 /var/www/html/vendor/magento/framework/App/Config.php(121): Magento\Config\App\Config\Type\System->get('default/newreli...')
#17 /var/www/html/generated/code/Magento/Framework/App/Config/Interceptor.php(50): Magento\Framework\App\Config->get('system', 'default/newreli...', NULL)
#18 /var/www/html/vendor/magento/framework/App/Config.php(74): Magento\Framework\App\Config\Interceptor->get('system', 'default/newreli...')
#19 /var/www/html/generated/code/Magento/Framework/App/Config/Interceptor.php(23): Magento\Framework\App\Config->getValue('newrelicreporti...', 'default', NULL)
#20 /var/www/html/vendor/magento/framework/App/Config.php(82): Magento\Framework\App\Config\Interceptor->getValue('newrelicreporti...', 'default', NULL)
#21 /var/www/html/generated/code/Magento/Framework/App/Config/Interceptor.php(32): Magento\Framework\App\Config->isSetFlag('newrelicreporti...', 'default', NULL)
#22 /var/www/html/vendor/magento/module-new-relic-reporting/Model/Config.php(94): Magento\Framework\App\Config\Interceptor->isSetFlag('newrelicreporti...')
#23 /var/www/html/vendor/magento/module-new-relic-reporting/Plugin/HttpPlugin.php(49): Magento\NewRelicReporting\Model\Config->isNewRelicEnabled()
#24 /var/www/html/vendor/magento/framework/Interception/Interceptor.php(121): Magento\NewRelicReporting\Plugin\HttpPlugin->beforeCatchException(Object(Magento\Framework\App\Http\Interceptor), Object(Magento\Framework\App\Bootstrap), Object(Zend_Db_Adapter_Exception))
#25 /var/www/html/vendor/magento/framework/Interception/Interceptor.php(153): Magento\Framework\App\Http\Interceptor->Magento\Framework\Interception\{closure}(Object(Magento\Framework\App\Bootstrap), Object(Zend_Db_Adapter_Exception))
#26 /var/www/html/generated/code/Magento/Framework/App/Http/Interceptor.php(32): Magento\Framework\App\Http\Interceptor->___callPlugins('catchException', Array, Array)
#27 /var/www/html/vendor/magento/framework/App/Bootstrap.php(270): Magento\Framework\App\Http\Interceptor->catchException(Object(Magento\Framework\App\Bootstrap), Object(Zend_Db_Adapter_Exception))
#28 /var/www/html/pub/index.php(30): Magento\Framework\App\Bootstrap->run(Object(Magento\Framework\App\Http\Interceptor))
#29 {main}

Next Zend_Db_Adapter_Exception: SQLSTATE[HY000] [1044] Access denied for user 'magento'@'%' to database 'wraptitemanufact_tiudemo' in /var/www/html/vendor/magento/zend-db/library/Zend/Db/Adapter/Pdo/Abstract.php:148
Stack trace:
#0 /var/www/html/vendor/magento/zend-db/library/Zend/Db/Adapter/Pdo/Mysql.php(111): Zend_Db_Adapter_Pdo_Abstract->_connect()
#1 /var/www/html/vendor/magento/framework/DB/Adapter/Pdo/Mysql.php(512): Zend_Db_Adapter_Pdo_Mysql->_connect()
#2 /var/www/html/vendor/magento/zend-db/library/Zend/Db/Adapter/Abstract.php(460): Magento\Framework\DB\Adapter\Pdo\Mysql->_connect()
#3 /var/www/html/vendor/magento/zend-db/library/Zend/Db/Adapter/Pdo/Abstract.php(242): Zend_Db_Adapter_Abstract->query('SELECT GET_LOCK...', Array)
#4 /var/www/html/vendor/magento/framework/DB/Adapter/Pdo/Mysql.php(641): Zend_Db_Adapter_Pdo_Abstract->query('SELECT GET_LOCK...', Array)
#5 /var/www/html/vendor/magento/framework/DB/Adapter/Pdo/Mysql.php(667): Magento\Framework\DB\Adapter\Pdo\Mysql->Magento\Framework\DB\Adapter\Pdo\{closure}()
#6 /var/www/html/vendor/magento/framework/DB/Adapter/Pdo/Mysql.php(641): Magento\Framework\DB\Adapter\Pdo\Mysql->performQuery(Object(Closure))
#7 /var/www/html/vendor/magento/framework/DB/Adapter/Pdo/Mysql.php(731): Magento\Framework\DB\Adapter\Pdo\Mysql->_query('SELECT GET_LOCK...', Array)
#8 /var/www/html/generated/code/Magento/Framework/DB/Adapter/Pdo/Mysql/Interceptor.php(95): Magento\Framework\DB\Adapter\Pdo\Mysql->query('SELECT GET_LOCK...', Array)
#9 /var/www/html/vendor/magento/framework/Lock/Backend/Database.php(82): Magento\Framework\DB\Adapter\Pdo\Mysql\Interceptor->query('SELECT GET_LOCK...', Array)
#10 /var/www/html/vendor/magento/framework/Lock/Proxy.php(56): Magento\Framework\Lock\Backend\Database->lock('wraptitemanufac...', 0)
#11 /var/www/html/vendor/magento/framework/Cache/LockGuardedCacheLoader.php(129): Magento\Framework\Lock\Proxy->lock('SYSTEM_CONFIG', 0)
#12 /var/www/html/vendor/magento/module-config/App/Config/Type/System.php(287): Magento\Framework\Cache\LockGuardedCacheLoader->lockedLoadData('SYSTEM_CONFIG', Object(Closure), Object(Closure), Object(Closure))
#13 /var/www/html/vendor/magento/module-config/App/Config/Type/System.php(214): Magento\Config\App\Config\Type\System->loadDefaultScopeData()
#14 /var/www/html/vendor/magento/module-config/App/Config/Type/System.php(189): Magento\Config\App\Config\Type\System->getWithParts('default/newreli...')
#15 /var/www/html/vendor/magento/framework/App/Config.php(121): Magento\Config\App\Config\Type\System->get('default/newreli...')
#16 /var/www/html/generated/code/Magento/Framework/App/Config/Interceptor.php(50): Magento\Framework\App\Config->get('system', 'default/newreli...', NULL)
#17 /var/www/html/vendor/magento/framework/App/Config.php(74): Magento\Framework\App\Config\Interceptor->get('system', 'default/newreli...')
#18 /var/www/html/generated/code/Magento/Framework/App/Config/Interceptor.php(23): Magento\Framework\App\Config->getValue('newrelicreporti...', 'default', NULL)
#19 /var/www/html/vendor/magento/framework/App/Config.php(82): Magento\Framework\App\Config\Interceptor->getValue('newrelicreporti...', 'default', NULL)
#20 /var/www/html/generated/code/Magento/Framework/App/Config/Interceptor.php(32): Magento\Framework\App\Config->isSetFlag('newrelicreporti...', 'default', NULL)
#21 /var/www/html/vendor/magento/module-new-relic-reporting/Model/Config.php(94): Magento\Framework\App\Config\Interceptor->isSetFlag('newrelicreporti...')
#22 /var/www/html/vendor/magento/module-new-relic-reporting/Plugin/HttpPlugin.php(49): Magento\NewRelicReporting\Model\Config->isNewRelicEnabled()
#23 /var/www/html/vendor/magento/framework/Interception/Interceptor.php(121): Magento\NewRelicReporting\Plugin\HttpPlugin->beforeCatchException(Object(Magento\Framework\App\Http\Interceptor), Object(Magento\Framework\App\Bootstrap), Object(Zend_Db_Adapter_Exception))
#24 /var/www/html/vendor/magento/framework/Interception/Interceptor.php(153): Magento\Framework\App\Http\Interceptor->Magento\Framework\Interception\{closure}(Object(Magento\Framework\App\Bootstrap), Object(Zend_Db_Adapter_Exception))
#25 /var/www/html/generated/code/Magento/Framework/App/Http/Interceptor.php(32): Magento\Framework\App\Http\Interceptor->___callPlugins('catchException', Array, Array)
#26 /var/www/html/vendor/magento/framework/App/Bootstrap.php(270): Magento\Framework\App\Http\Interceptor->catchException(Object(Magento\Framework\App\Bootstrap), Object(Zend_Db_Adapter_Exception))
#27 /var/www/html/pub/index.php(30): Magento\Framework\App\Bootstrap->run(Object(Magento\Framework\App\Http\Interceptor))
#28 {main} {"exception":"[object] (Zend_Db_Adapter_Exception(code: 1044): SQLSTATE[HY000] [1044] Access denied for user 'magento'@'%' to database 'wraptitemanufact_tiudemo' at /var/www/html/vendor/magento/zend-db/library/Zend/Db/Adapter/Pdo/Abstract.php:148)
[previous exception] [object] (PDOException(code: 1044): SQLSTATE[HY000] [1044] Access denied for user 'magento'@'%' to database 'wraptitemanufact_tiudemo' at /var/www/html/vendor/magento/zend-db/library/Zend/Db/Adapter/Pdo/Abstract.php:128)"} []
[2025-08-11T05:54:37.148676+00:00] main.CRITICAL: PDOException: SQLSTATE[HY000] [1044] Access denied for user 'magento'@'%' to database 'wraptitemanufact_tiudemo' in /var/www/html/vendor/magento/zend-db/library/Zend/Db/Adapter/Pdo/Abstract.php:128
Stack trace:
#0 /var/www/html/vendor/magento/zend-db/library/Zend/Db/Adapter/Pdo/Abstract.php(128): PDO->__construct('mysql:host=mysq...', 'magento', Object(SensitiveParameterValue), Array)
#1 /var/www/html/vendor/magento/zend-db/library/Zend/Db/Adapter/Pdo/Mysql.php(111): Zend_Db_Adapter_Pdo_Abstract->_connect()
#2 /var/www/html/vendor/magento/framework/DB/Adapter/Pdo/Mysql.php(512): Zend_Db_Adapter_Pdo_Mysql->_connect()
#3 /var/www/html/vendor/magento/zend-db/library/Zend/Db/Adapter/Abstract.php(460): Magento\Framework\DB\Adapter\Pdo\Mysql->_connect()
#4 /var/www/html/vendor/magento/zend-db/library/Zend/Db/Adapter/Pdo/Abstract.php(242): Zend_Db_Adapter_Abstract->query('SELECT GET_LOCK...', Array)
#5 /var/www/html/vendor/magento/framework/DB/Adapter/Pdo/Mysql.php(641): Zend_Db_Adapter_Pdo_Abstract->query('SELECT GET_LOCK...', Array)
#6 /var/www/html/vendor/magento/framework/DB/Adapter/Pdo/Mysql.php(667): Magento\Framework\DB\Adapter\Pdo\Mysql->Magento\Framework\DB\Adapter\Pdo\{closure}()
#7 /var/www/html/vendor/magento/framework/DB/Adapter/Pdo/Mysql.php(641): Magento\Framework\DB\Adapter\Pdo\Mysql->performQuery(Object(Closure))
#8 /var/www/html/vendor/magento/framework/DB/Adapter/Pdo/Mysql.php(731): Magento\Framework\DB\Adapter\Pdo\Mysql->_query('SELECT GET_LOCK...', Array)
#9 /var/www/html/generated/code/Magento/Framework/DB/Adapter/Pdo/Mysql/Interceptor.php(95): Magento\Framework\DB\Adapter\Pdo\Mysql->query('SELECT GET_LOCK...', Array)
#10 /var/www/html/vendor/magento/framework/Lock/Backend/Database.php(82): Magento\Framework\DB\Adapter\Pdo\Mysql\Interceptor->query('SELECT GET_LOCK...', Array)
#11 /var/www/html/vendor/magento/framework/Lock/Proxy.php(56): Magento\Framework\Lock\Backend\Database->lock('wraptitemanufac...', 0)
#12 /var/www/html/vendor/magento/framework/Cache/LockGuardedCacheLoader.php(129): Magento\Framework\Lock\Proxy->lock('SYSTEM_CONFIG', 0)
#13 /var/www/html/vendor/magento/module-config/App/Config/Type/System.php(287): Magento\Framework\Cache\LockGuardedCacheLoader->lockedLoadData('SYSTEM_CONFIG', Object(Closure), Object(Closure), Object(Closure))
#14 /var/www/html/vendor/magento/module-config/App/Config/Type/System.php(214): Magento\Config\App\Config\Type\System->loadDefaultScopeData()
#15 /var/www/html/vendor/magento/module-config/App/Config/Type/System.php(189): Magento\Config\App\Config\Type\System->getWithParts('default/newreli...')
#16 /var/www/html/vendor/magento/framework/App/Config.php(121): Magento\Config\App\Config\Type\System->get('default/newreli...')
#17 /var/www/html/generated/code/Magento/Framework/App/Config/Interceptor.php(50): Magento\Framework\App\Config->get('system', 'default/newreli...', NULL)
#18 /var/www/html/vendor/magento/framework/App/Config.php(74): Magento\Framework\App\Config\Interceptor->get('system', 'default/newreli...')
#19 /var/www/html/generated/code/Magento/Framework/App/Config/Interceptor.php(23): Magento\Framework\App\Config->getValue('newrelicreporti...', 'default', NULL)
#20 /var/www/html/vendor/magento/framework/App/Config.php(82): Magento\Framework\App\Config\Interceptor->getValue('newrelicreporti...', 'default', NULL)
#21 /var/www/html/generated/code/Magento/Framework/App/Config/Interceptor.php(32): Magento\Framework\App\Config->isSetFlag('newrelicreporti...', 'default', NULL)
#22 /var/www/html/vendor/magento/module-new-relic-reporting/Model/Config.php(94): Magento\Framework\App\Config\Interceptor->isSetFlag('newrelicreporti...')
#23 /var/www/html/vendor/magento/module-new-relic-reporting/Plugin/HttpPlugin.php(49): Magento\NewRelicReporting\Model\Config->isNewRelicEnabled()
#24 /var/www/html/vendor/magento/framework/Interception/Interceptor.php(121): Magento\NewRelicReporting\Plugin\HttpPlugin->beforeCatchException(Object(Magento\Framework\App\Http\Interceptor), Object(Magento\Framework\App\Bootstrap), Object(Zend_Db_Adapter_Exception))
#25 /var/www/html/vendor/magento/framework/Interception/Interceptor.php(153): Magento\Framework\App\Http\Interceptor->Magento\Framework\Interception\{closure}(Object(Magento\Framework\App\Bootstrap), Object(Zend_Db_Adapter_Exception))
#26 /var/www/html/generated/code/Magento/Framework/App/Http/Interceptor.php(32): Magento\Framework\App\Http\Interceptor->___callPlugins('catchException', Array, Array)
#27 /var/www/html/vendor/magento/framework/App/Bootstrap.php(270): Magento\Framework\App\Http\Interceptor->catchException(Object(Magento\Framework\App\Bootstrap), Object(Zend_Db_Adapter_Exception))
#28 /var/www/html/pub/index.php(30): Magento\Framework\App\Bootstrap->run(Object(Magento\Framework\App\Http\Interceptor))
#29 {main}

Next Zend_Db_Adapter_Exception: SQLSTATE[HY000] [1044] Access denied for user 'magento'@'%' to database 'wraptitemanufact_tiudemo' in /var/www/html/vendor/magento/zend-db/library/Zend/Db/Adapter/Pdo/Abstract.php:148
Stack trace:
#0 /var/www/html/vendor/magento/zend-db/library/Zend/Db/Adapter/Pdo/Mysql.php(111): Zend_Db_Adapter_Pdo_Abstract->_connect()
#1 /var/www/html/vendor/magento/framework/DB/Adapter/Pdo/Mysql.php(512): Zend_Db_Adapter_Pdo_Mysql->_connect()
#2 /var/www/html/vendor/magento/zend-db/library/Zend/Db/Adapter/Abstract.php(460): Magento\Framework\DB\Adapter\Pdo\Mysql->_connect()
#3 /var/www/html/vendor/magento/zend-db/library/Zend/Db/Adapter/Pdo/Abstract.php(242): Zend_Db_Adapter_Abstract->query('SELECT GET_LOCK...', Array)
#4 /var/www/html/vendor/magento/framework/DB/Adapter/Pdo/Mysql.php(641): Zend_Db_Adapter_Pdo_Abstract->query('SELECT GET_LOCK...', Array)
#5 /var/www/html/vendor/magento/framework/DB/Adapter/Pdo/Mysql.php(667): Magento\Framework\DB\Adapter\Pdo\Mysql->Magento\Framework\DB\Adapter\Pdo\{closure}()
#6 /var/www/html/vendor/magento/framework/DB/Adapter/Pdo/Mysql.php(641): Magento\Framework\DB\Adapter\Pdo\Mysql->performQuery(Object(Closure))
#7 /var/www/html/vendor/magento/framework/DB/Adapter/Pdo/Mysql.php(731): Magento\Framework\DB\Adapter\Pdo\Mysql->_query('SELECT GET_LOCK...', Array)
#8 /var/www/html/generated/code/Magento/Framework/DB/Adapter/Pdo/Mysql/Interceptor.php(95): Magento\Framework\DB\Adapter\Pdo\Mysql->query('SELECT GET_LOCK...', Array)
#9 /var/www/html/vendor/magento/framework/Lock/Backend/Database.php(82): Magento\Framework\DB\Adapter\Pdo\Mysql\Interceptor->query('SELECT GET_LOCK...', Array)
#10 /var/www/html/vendor/magento/framework/Lock/Proxy.php(56): Magento\Framework\Lock\Backend\Database->lock('wraptitemanufac...', 0)
#11 /var/www/html/vendor/magento/framework/Cache/LockGuardedCacheLoader.php(129): Magento\Framework\Lock\Proxy->lock('SYSTEM_CONFIG', 0)
#12 /var/www/html/vendor/magento/module-config/App/Config/Type/System.php(287): Magento\Framework\Cache\LockGuardedCacheLoader->lockedLoadData('SYSTEM_CONFIG', Object(Closure), Object(Closure), Object(Closure))
#13 /var/www/html/vendor/magento/module-config/App/Config/Type/System.php(214): Magento\Config\App\Config\Type\System->loadDefaultScopeData()
#14 /var/www/html/vendor/magento/module-config/App/Config/Type/System.php(189): Magento\Config\App\Config\Type\System->getWithParts('default/newreli...')
#15 /var/www/html/vendor/magento/framework/App/Config.php(121): Magento\Config\App\Config\Type\System->get('default/newreli...')
#16 /var/www/html/generated/code/Magento/Framework/App/Config/Interceptor.php(50): Magento\Framework\App\Config->get('system', 'default/newreli...', NULL)
#17 /var/www/html/vendor/magento/framework/App/Config.php(74): Magento\Framework\App\Config\Interceptor->get('system', 'default/newreli...')
#18 /var/www/html/generated/code/Magento/Framework/App/Config/Interceptor.php(23): Magento\Framework\App\Config->getValue('newrelicreporti...', 'default', NULL)
#19 /var/www/html/vendor/magento/framework/App/Config.php(82): Magento\Framework\App\Config\Interceptor->getValue('newrelicreporti...', 'default', NULL)
#20 /var/www/html/generated/code/Magento/Framework/App/Config/Interceptor.php(32): Magento\Framework\App\Config->isSetFlag('newrelicreporti...', 'default', NULL)
#21 /var/www/html/vendor/magento/module-new-relic-reporting/Model/Config.php(94): Magento\Framework\App\Config\Interceptor->isSetFlag('newrelicreporti...')
#22 /var/www/html/vendor/magento/module-new-relic-reporting/Plugin/HttpPlugin.php(49): Magento\NewRelicReporting\Model\Config->isNewRelicEnabled()
#23 /var/www/html/vendor/magento/framework/Interception/Interceptor.php(121): Magento\NewRelicReporting\Plugin\HttpPlugin->beforeCatchException(Object(Magento\Framework\App\Http\Interceptor), Object(Magento\Framework\App\Bootstrap), Object(Zend_Db_Adapter_Exception))
#24 /var/www/html/vendor/magento/framework/Interception/Interceptor.php(153): Magento\Framework\App\Http\Interceptor->Magento\Framework\Interception\{closure}(Object(Magento\Framework\App\Bootstrap), Object(Zend_Db_Adapter_Exception))
#25 /var/www/html/generated/code/Magento/Framework/App/Http/Interceptor.php(32): Magento\Framework\App\Http\Interceptor->___callPlugins('catchException', Array, Array)
#26 /var/www/html/vendor/magento/framework/App/Bootstrap.php(270): Magento\Framework\App\Http\Interceptor->catchException(Object(Magento\Framework\App\Bootstrap), Object(Zend_Db_Adapter_Exception))
#27 /var/www/html/pub/index.php(30): Magento\Framework\App\Bootstrap->run(Object(Magento\Framework\App\Http\Interceptor))
#28 {main} {"exception":"[object] (Zend_Db_Adapter_Exception(code: 1044): SQLSTATE[HY000] [1044] Access denied for user 'magento'@'%' to database 'wraptitemanufact_tiudemo' at /var/www/html/vendor/magento/zend-db/library/Zend/Db/Adapter/Pdo/Abstract.php:148)
[previous exception] [object] (PDOException(code: 1044): SQLSTATE[HY000] [1044] Access denied for user 'magento'@'%' to database 'wraptitemanufact_tiudemo' at /var/www/html/vendor/magento/zend-db/library/Zend/Db/Adapter/Pdo/Abstract.php:128)"} []
[2025-08-11T05:54:37.717946+00:00] main.CRITICAL: PDOException: SQLSTATE[HY000] [1044] Access denied for user 'magento'@'%' to database 'wraptitemanufact_tiudemo' in /var/www/html/vendor/magento/zend-db/library/Zend/Db/Adapter/Pdo/Abstract.php:128
Stack trace:
#0 /var/www/html/vendor/magento/zend-db/library/Zend/Db/Adapter/Pdo/Abstract.php(128): PDO->__construct('mysql:host=mysq...', 'magento', Object(SensitiveParameterValue), Array)
#1 /var/www/html/vendor/magento/zend-db/library/Zend/Db/Adapter/Pdo/Mysql.php(111): Zend_Db_Adapter_Pdo_Abstract->_connect()
#2 /var/www/html/vendor/magento/framework/DB/Adapter/Pdo/Mysql.php(512): Zend_Db_Adapter_Pdo_Mysql->_connect()
#3 /var/www/html/vendor/magento/zend-db/library/Zend/Db/Adapter/Abstract.php(460): Magento\Framework\DB\Adapter\Pdo\Mysql->_connect()
#4 /var/www/html/vendor/magento/zend-db/library/Zend/Db/Adapter/Pdo/Abstract.php(242): Zend_Db_Adapter_Abstract->query('SELECT GET_LOCK...', Array)
#5 /var/www/html/vendor/magento/framework/DB/Adapter/Pdo/Mysql.php(641): Zend_Db_Adapter_Pdo_Abstract->query('SELECT GET_LOCK...', Array)
#6 /var/www/html/vendor/magento/framework/DB/Adapter/Pdo/Mysql.php(667): Magento\Framework\DB\Adapter\Pdo\Mysql->Magento\Framework\DB\Adapter\Pdo\{closure}()
#7 /var/www/html/vendor/magento/framework/DB/Adapter/Pdo/Mysql.php(641): Magento\Framework\DB\Adapter\Pdo\Mysql->performQuery(Object(Closure))
#8 /var/www/html/vendor/magento/framework/DB/Adapter/Pdo/Mysql.php(731): Magento\Framework\DB\Adapter\Pdo\Mysql->_query('SELECT GET_LOCK...', Array)
#9 /var/www/html/generated/code/Magento/Framework/DB/Adapter/Pdo/Mysql/Interceptor.php(95): Magento\Framework\DB\Adapter\Pdo\Mysql->query('SELECT GET_LOCK...', Array)
#10 /var/www/html/vendor/magento/framework/Lock/Backend/Database.php(82): Magento\Framework\DB\Adapter\Pdo\Mysql\Interceptor->query('SELECT GET_LOCK...', Array)
#11 /var/www/html/vendor/magento/framework/Lock/Proxy.php(56): Magento\Framework\Lock\Backend\Database->lock('wraptitemanufac...', 0)
#12 /var/www/html/vendor/magento/framework/Cache/LockGuardedCacheLoader.php(129): Magento\Framework\Lock\Proxy->lock('SYSTEM_CONFIG', 0)
#13 /var/www/html/vendor/magento/module-config/App/Config/Type/System.php(287): Magento\Framework\Cache\LockGuardedCacheLoader->lockedLoadData('SYSTEM_CONFIG', Object(Closure), Object(Closure), Object(Closure))
#14 /var/www/html/vendor/magento/module-config/App/Config/Type/System.php(214): Magento\Config\App\Config\Type\System->loadDefaultScopeData()
#15 /var/www/html/vendor/magento/module-config/App/Config/Type/System.php(189): Magento\Config\App\Config\Type\System->getWithParts('default/newreli...')
#16 /var/www/html/vendor/magento/framework/App/Config.php(121): Magento\Config\App\Config\Type\System->get('default/newreli...')
#17 /var/www/html/generated/code/Magento/Framework/App/Config/Interceptor.php(50): Magento\Framework\App\Config->get('system', 'default/newreli...', NULL)
#18 /var/www/html/vendor/magento/framework/App/Config.php(74): Magento\Framework\App\Config\Interceptor->get('system', 'default/newreli...')
#19 /var/www/html/generated/code/Magento/Framework/App/Config/Interceptor.php(23): Magento\Framework\App\Config->getValue('newrelicreporti...', 'default', NULL)
#20 /var/www/html/vendor/magento/framework/App/Config.php(82): Magento\Framework\App\Config\Interceptor->getValue('newrelicreporti...', 'default', NULL)
#21 /var/www/html/generated/code/Magento/Framework/App/Config/Interceptor.php(32): Magento\Framework\App\Config->isSetFlag('newrelicreporti...', 'default', NULL)
#22 /var/www/html/vendor/magento/module-new-relic-reporting/Model/Config.php(94): Magento\Framework\App\Config\Interceptor->isSetFlag('newrelicreporti...')
#23 /var/www/html/vendor/magento/module-new-relic-reporting/Plugin/HttpPlugin.php(49): Magento\NewRelicReporting\Model\Config->isNewRelicEnabled()
#24 /var/www/html/vendor/magento/framework/Interception/Interceptor.php(121): Magento\NewRelicReporting\Plugin\HttpPlugin->beforeCatchException(Object(Magento\Framework\App\Http\Interceptor), Object(Magento\Framework\App\Bootstrap), Object(Zend_Db_Adapter_Exception))
#25 /var/www/html/vendor/magento/framework/Interception/Interceptor.php(153): Magento\Framework\App\Http\Interceptor->Magento\Framework\Interception\{closure}(Object(Magento\Framework\App\Bootstrap), Object(Zend_Db_Adapter_Exception))
#26 /var/www/html/generated/code/Magento/Framework/App/Http/Interceptor.php(32): Magento\Framework\App\Http\Interceptor->___callPlugins('catchException', Array, Array)
#27 /var/www/html/vendor/magento/framework/App/Bootstrap.php(270): Magento\Framework\App\Http\Interceptor->catchException(Object(Magento\Framework\App\Bootstrap), Object(Zend_Db_Adapter_Exception))
#28 /var/www/html/pub/index.php(30): Magento\Framework\App\Bootstrap->run(Object(Magento\Framework\App\Http\Interceptor))
#29 {main}

Next Zend_Db_Adapter_Exception: SQLSTATE[HY000] [1044] Access denied for user 'magento'@'%' to database 'wraptitemanufact_tiudemo' in /var/www/html/vendor/magento/zend-db/library/Zend/Db/Adapter/Pdo/Abstract.php:148
Stack trace:
#0 /var/www/html/vendor/magento/zend-db/library/Zend/Db/Adapter/Pdo/Mysql.php(111): Zend_Db_Adapter_Pdo_Abstract->_connect()
#1 /var/www/html/vendor/magento/framework/DB/Adapter/Pdo/Mysql.php(512): Zend_Db_Adapter_Pdo_Mysql->_connect()
#2 /var/www/html/vendor/magento/zend-db/library/Zend/Db/Adapter/Abstract.php(460): Magento\Framework\DB\Adapter\Pdo\Mysql->_connect()
#3 /var/www/html/vendor/magento/zend-db/library/Zend/Db/Adapter/Pdo/Abstract.php(242): Zend_Db_Adapter_Abstract->query('SELECT GET_LOCK...', Array)
#4 /var/www/html/vendor/magento/framework/DB/Adapter/Pdo/Mysql.php(641): Zend_Db_Adapter_Pdo_Abstract->query('SELECT GET_LOCK...', Array)
#5 /var/www/html/vendor/magento/framework/DB/Adapter/Pdo/Mysql.php(667): Magento\Framework\DB\Adapter\Pdo\Mysql->Magento\Framework\DB\Adapter\Pdo\{closure}()
#6 /var/www/html/vendor/magento/framework/DB/Adapter/Pdo/Mysql.php(641): Magento\Framework\DB\Adapter\Pdo\Mysql->performQuery(Object(Closure))
#7 /var/www/html/vendor/magento/framework/DB/Adapter/Pdo/Mysql.php(731): Magento\Framework\DB\Adapter\Pdo\Mysql->_query('SELECT GET_LOCK...', Array)
#8 /var/www/html/generated/code/Magento/Framework/DB/Adapter/Pdo/Mysql/Interceptor.php(95): Magento\Framework\DB\Adapter\Pdo\Mysql->query('SELECT GET_LOCK...', Array)
#9 /var/www/html/vendor/magento/framework/Lock/Backend/Database.php(82): Magento\Framework\DB\Adapter\Pdo\Mysql\Interceptor->query('SELECT GET_LOCK...', Array)
#10 /var/www/html/vendor/magento/framework/Lock/Proxy.php(56): Magento\Framework\Lock\Backend\Database->lock('wraptitemanufac...', 0)
#11 /var/www/html/vendor/magento/framework/Cache/LockGuardedCacheLoader.php(129): Magento\Framework\Lock\Proxy->lock('SYSTEM_CONFIG', 0)
#12 /var/www/html/vendor/magento/module-config/App/Config/Type/System.php(287): Magento\Framework\Cache\LockGuardedCacheLoader->lockedLoadData('SYSTEM_CONFIG', Object(Closure), Object(Closure), Object(Closure))
#13 /var/www/html/vendor/magento/module-config/App/Config/Type/System.php(214): Magento\Config\App\Config\Type\System->loadDefaultScopeData()
#14 /var/www/html/vendor/magento/module-config/App/Config/Type/System.php(189): Magento\Config\App\Config\Type\System->getWithParts('default/newreli...')
#15 /var/www/html/vendor/magento/framework/App/Config.php(121): Magento\Config\App\Config\Type\System->get('default/newreli...')
#16 /var/www/html/generated/code/Magento/Framework/App/Config/Interceptor.php(50): Magento\Framework\App\Config->get('system', 'default/newreli...', NULL)
#17 /var/www/html/vendor/magento/framework/App/Config.php(74): Magento\Framework\App\Config\Interceptor->get('system', 'default/newreli...')
#18 /var/www/html/generated/code/Magento/Framework/App/Config/Interceptor.php(23): Magento\Framework\App\Config->getValue('newrelicreporti...', 'default', NULL)
#19 /var/www/html/vendor/magento/framework/App/Config.php(82): Magento\Framework\App\Config\Interceptor->getValue('newrelicreporti...', 'default', NULL)
#20 /var/www/html/generated/code/Magento/Framework/App/Config/Interceptor.php(32): Magento\Framework\App\Config->isSetFlag('newrelicreporti...', 'default', NULL)
#21 /var/www/html/vendor/magento/module-new-relic-reporting/Model/Config.php(94): Magento\Framework\App\Config\Interceptor->isSetFlag('newrelicreporti...')
#22 /var/www/html/vendor/magento/module-new-relic-reporting/Plugin/HttpPlugin.php(49): Magento\NewRelicReporting\Model\Config->isNewRelicEnabled()
#23 /var/www/html/vendor/magento/framework/Interception/Interceptor.php(121): Magento\NewRelicReporting\Plugin\HttpPlugin->beforeCatchException(Object(Magento\Framework\App\Http\Interceptor), Object(Magento\Framework\App\Bootstrap), Object(Zend_Db_Adapter_Exception))
#24 /var/www/html/vendor/magento/framework/Interception/Interceptor.php(153): Magento\Framework\App\Http\Interceptor->Magento\Framework\Interception\{closure}(Object(Magento\Framework\App\Bootstrap), Object(Zend_Db_Adapter_Exception))
#25 /var/www/html/generated/code/Magento/Framework/App/Http/Interceptor.php(32): Magento\Framework\App\Http\Interceptor->___callPlugins('catchException', Array, Array)
#26 /var/www/html/vendor/magento/framework/App/Bootstrap.php(270): Magento\Framework\App\Http\Interceptor->catchException(Object(Magento\Framework\App\Bootstrap), Object(Zend_Db_Adapter_Exception))
#27 /var/www/html/pub/index.php(30): Magento\Framework\App\Bootstrap->run(Object(Magento\Framework\App\Http\Interceptor))
#28 {main} {"exception":"[object] (Zend_Db_Adapter_Exception(code: 1044): SQLSTATE[HY000] [1044] Access denied for user 'magento'@'%' to database 'wraptitemanufact_tiudemo' at /var/www/html/vendor/magento/zend-db/library/Zend/Db/Adapter/Pdo/Abstract.php:148)
[previous exception] [object] (PDOException(code: 1044): SQLSTATE[HY000] [1044] Access denied for user 'magento'@'%' to database 'wraptitemanufact_tiudemo' at /var/www/html/vendor/magento/zend-db/library/Zend/Db/Adapter/Pdo/Abstract.php:128)"} []
[2025-08-11T05:54:38.101035+00:00] main.CRITICAL: PDOException: SQLSTATE[HY000] [1044] Access denied for user 'magento'@'%' to database 'wraptitemanufact_tiudemo' in /var/www/html/vendor/magento/zend-db/library/Zend/Db/Adapter/Pdo/Abstract.php:128
Stack trace:
#0 /var/www/html/vendor/magento/zend-db/library/Zend/Db/Adapter/Pdo/Abstract.php(128): PDO->__construct('mysql:host=mysq...', 'magento', Object(SensitiveParameterValue), Array)
#1 /var/www/html/vendor/magento/zend-db/library/Zend/Db/Adapter/Pdo/Mysql.php(111): Zend_Db_Adapter_Pdo_Abstract->_connect()
#2 /var/www/html/vendor/magento/framework/DB/Adapter/Pdo/Mysql.php(512): Zend_Db_Adapter_Pdo_Mysql->_connect()
#3 /var/www/html/vendor/magento/zend-db/library/Zend/Db/Adapter/Abstract.php(460): Magento\Framework\DB\Adapter\Pdo\Mysql->_connect()
#4 /var/www/html/vendor/magento/zend-db/library/Zend/Db/Adapter/Pdo/Abstract.php(242): Zend_Db_Adapter_Abstract->query('SELECT GET_LOCK...', Array)
#5 /var/www/html/vendor/magento/framework/DB/Adapter/Pdo/Mysql.php(641): Zend_Db_Adapter_Pdo_Abstract->query('SELECT GET_LOCK...', Array)
#6 /var/www/html/vendor/magento/framework/DB/Adapter/Pdo/Mysql.php(667): Magento\Framework\DB\Adapter\Pdo\Mysql->Magento\Framework\DB\Adapter\Pdo\{closure}()
#7 /var/www/html/vendor/magento/framework/DB/Adapter/Pdo/Mysql.php(641): Magento\Framework\DB\Adapter\Pdo\Mysql->performQuery(Object(Closure))
#8 /var/www/html/vendor/magento/framework/DB/Adapter/Pdo/Mysql.php(731): Magento\Framework\DB\Adapter\Pdo\Mysql->_query('SELECT GET_LOCK...', Array)
#9 /var/www/html/generated/code/Magento/Framework/DB/Adapter/Pdo/Mysql/Interceptor.php(95): Magento\Framework\DB\Adapter\Pdo\Mysql->query('SELECT GET_LOCK...', Array)
#10 /var/www/html/vendor/magento/framework/Lock/Backend/Database.php(82): Magento\Framework\DB\Adapter\Pdo\Mysql\Interceptor->query('SELECT GET_LOCK...', Array)
#11 /var/www/html/vendor/magento/framework/Lock/Proxy.php(56): Magento\Framework\Lock\Backend\Database->lock('wraptitemanufac...', 0)
#12 /var/www/html/vendor/magento/framework/Cache/LockGuardedCacheLoader.php(129): Magento\Framework\Lock\Proxy->lock('SYSTEM_CONFIG', 0)
#13 /var/www/html/vendor/magento/module-config/App/Config/Type/System.php(287): Magento\Framework\Cache\LockGuardedCacheLoader->lockedLoadData('SYSTEM_CONFIG', Object(Closure), Object(Closure), Object(Closure))
#14 /var/www/html/vendor/magento/module-config/App/Config/Type/System.php(214): Magento\Config\App\Config\Type\System->loadDefaultScopeData()
#15 /var/www/html/vendor/magento/module-config/App/Config/Type/System.php(189): Magento\Config\App\Config\Type\System->getWithParts('default/newreli...')
#16 /var/www/html/vendor/magento/framework/App/Config.php(121): Magento\Config\App\Config\Type\System->get('default/newreli...')
#17 /var/www/html/generated/code/Magento/Framework/App/Config/Interceptor.php(50): Magento\Framework\App\Config->get('system', 'default/newreli...', NULL)
#18 /var/www/html/vendor/magento/framework/App/Config.php(74): Magento\Framework\App\Config\Interceptor->get('system', 'default/newreli...')
#19 /var/www/html/generated/code/Magento/Framework/App/Config/Interceptor.php(23): Magento\Framework\App\Config->getValue('newrelicreporti...', 'default', NULL)
#20 /var/www/html/vendor/magento/framework/App/Config.php(82): Magento\Framework\App\Config\Interceptor->getValue('newrelicreporti...', 'default', NULL)
#21 /var/www/html/generated/code/Magento/Framework/App/Config/Interceptor.php(32): Magento\Framework\App\Config->isSetFlag('newrelicreporti...', 'default', NULL)
#22 /var/www/html/vendor/magento/module-new-relic-reporting/Model/Config.php(94): Magento\Framework\App\Config\Interceptor->isSetFlag('newrelicreporti...')
#23 /var/www/html/vendor/magento/module-new-relic-reporting/Plugin/HttpPlugin.php(49): Magento\NewRelicReporting\Model\Config->isNewRelicEnabled()
#24 /var/www/html/vendor/magento/framework/Interception/Interceptor.php(121): Magento\NewRelicReporting\Plugin\HttpPlugin->beforeCatchException(Object(Magento\Framework\App\Http\Interceptor), Object(Magento\Framework\App\Bootstrap), Object(Zend_Db_Adapter_Exception))
#25 /var/www/html/vendor/magento/framework/Interception/Interceptor.php(153): Magento\Framework\App\Http\Interceptor->Magento\Framework\Interception\{closure}(Object(Magento\Framework\App\Bootstrap), Object(Zend_Db_Adapter_Exception))
#26 /var/www/html/generated/code/Magento/Framework/App/Http/Interceptor.php(32): Magento\Framework\App\Http\Interceptor->___callPlugins('catchException', Array, Array)
#27 /var/www/html/vendor/magento/framework/App/Bootstrap.php(270): Magento\Framework\App\Http\Interceptor->catchException(Object(Magento\Framework\App\Bootstrap), Object(Zend_Db_Adapter_Exception))
#28 /var/www/html/pub/index.php(30): Magento\Framework\App\Bootstrap->run(Object(Magento\Framework\App\Http\Interceptor))
#29 {main}

Next Zend_Db_Adapter_Exception: SQLSTATE[HY000] [1044] Access denied for user 'magento'@'%' to database 'wraptitemanufact_tiudemo' in /var/www/html/vendor/magento/zend-db/library/Zend/Db/Adapter/Pdo/Abstract.php:148
Stack trace:
#0 /var/www/html/vendor/magento/zend-db/library/Zend/Db/Adapter/Pdo/Mysql.php(111): Zend_Db_Adapter_Pdo_Abstract->_connect()
#1 /var/www/html/vendor/magento/framework/DB/Adapter/Pdo/Mysql.php(512): Zend_Db_Adapter_Pdo_Mysql->_connect()
#2 /var/www/html/vendor/magento/zend-db/library/Zend/Db/Adapter/Abstract.php(460): Magento\Framework\DB\Adapter\Pdo\Mysql->_connect()
#3 /var/www/html/vendor/magento/zend-db/library/Zend/Db/Adapter/Pdo/Abstract.php(242): Zend_Db_Adapter_Abstract->query('SELECT GET_LOCK...', Array)
#4 /var/www/html/vendor/magento/framework/DB/Adapter/Pdo/Mysql.php(641): Zend_Db_Adapter_Pdo_Abstract->query('SELECT GET_LOCK...', Array)
#5 /var/www/html/vendor/magento/framework/DB/Adapter/Pdo/Mysql.php(667): Magento\Framework\DB\Adapter\Pdo\Mysql->Magento\Framework\DB\Adapter\Pdo\{closure}()
#6 /var/www/html/vendor/magento/framework/DB/Adapter/Pdo/Mysql.php(641): Magento\Framework\DB\Adapter\Pdo\Mysql->performQuery(Object(Closure))
#7 /var/www/html/vendor/magento/framework/DB/Adapter/Pdo/Mysql.php(731): Magento\Framework\DB\Adapter\Pdo\Mysql->_query('SELECT GET_LOCK...', Array)
#8 /var/www/html/generated/code/Magento/Framework/DB/Adapter/Pdo/Mysql/Interceptor.php(95): Magento\Framework\DB\Adapter\Pdo\Mysql->query('SELECT GET_LOCK...', Array)
#9 /var/www/html/vendor/magento/framework/Lock/Backend/Database.php(82): Magento\Framework\DB\Adapter\Pdo\Mysql\Interceptor->query('SELECT GET_LOCK...', Array)
#10 /var/www/html/vendor/magento/framework/Lock/Proxy.php(56): Magento\Framework\Lock\Backend\Database->lock('wraptitemanufac...', 0)
#11 /var/www/html/vendor/magento/framework/Cache/LockGuardedCacheLoader.php(129): Magento\Framework\Lock\Proxy->lock('SYSTEM_CONFIG', 0)
#12 /var/www/html/vendor/magento/module-config/App/Config/Type/System.php(287): Magento\Framework\Cache\LockGuardedCacheLoader->lockedLoadData('SYSTEM_CONFIG', Object(Closure), Object(Closure), Object(Closure))
#13 /var/www/html/vendor/magento/module-config/App/Config/Type/System.php(214): Magento\Config\App\Config\Type\System->loadDefaultScopeData()
#14 /var/www/html/vendor/magento/module-config/App/Config/Type/System.php(189): Magento\Config\App\Config\Type\System->getWithParts('default/newreli...')
#15 /var/www/html/vendor/magento/framework/App/Config.php(121): Magento\Config\App\Config\Type\System->get('default/newreli...')
#16 /var/www/html/generated/code/Magento/Framework/App/Config/Interceptor.php(50): Magento\Framework\App\Config->get('system', 'default/newreli...', NULL)
#17 /var/www/html/vendor/magento/framework/App/Config.php(74): Magento\Framework\App\Config\Interceptor->get('system', 'default/newreli...')
#18 /var/www/html/generated/code/Magento/Framework/App/Config/Interceptor.php(23): Magento\Framework\App\Config->getValue('newrelicreporti...', 'default', NULL)
#19 /var/www/html/vendor/magento/framework/App/Config.php(82): Magento\Framework\App\Config\Interceptor->getValue('newrelicreporti...', 'default', NULL)
#20 /var/www/html/generated/code/Magento/Framework/App/Config/Interceptor.php(32): Magento\Framework\App\Config->isSetFlag('newrelicreporti...', 'default', NULL)
#21 /var/www/html/vendor/magento/module-new-relic-reporting/Model/Config.php(94): Magento\Framework\App\Config\Interceptor->isSetFlag('newrelicreporti...')
#22 /var/www/html/vendor/magento/module-new-relic-reporting/Plugin/HttpPlugin.php(49): Magento\NewRelicReporting\Model\Config->isNewRelicEnabled()
#23 /var/www/html/vendor/magento/framework/Interception/Interceptor.php(121): Magento\NewRelicReporting\Plugin\HttpPlugin->beforeCatchException(Object(Magento\Framework\App\Http\Interceptor), Object(Magento\Framework\App\Bootstrap), Object(Zend_Db_Adapter_Exception))
#24 /var/www/html/vendor/magento/framework/Interception/Interceptor.php(153): Magento\Framework\App\Http\Interceptor->Magento\Framework\Interception\{closure}(Object(Magento\Framework\App\Bootstrap), Object(Zend_Db_Adapter_Exception))
#25 /var/www/html/generated/code/Magento/Framework/App/Http/Interceptor.php(32): Magento\Framework\App\Http\Interceptor->___callPlugins('catchException', Array, Array)
#26 /var/www/html/vendor/magento/framework/App/Bootstrap.php(270): Magento\Framework\App\Http\Interceptor->catchException(Object(Magento\Framework\App\Bootstrap), Object(Zend_Db_Adapter_Exception))
#27 /var/www/html/pub/index.php(30): Magento\Framework\App\Bootstrap->run(Object(Magento\Framework\App\Http\Interceptor))
#28 {main} {"exception":"[object] (Zend_Db_Adapter_Exception(code: 1044): SQLSTATE[HY000] [1044] Access denied for user 'magento'@'%' to database 'wraptitemanufact_tiudemo' at /var/www/html/vendor/magento/zend-db/library/Zend/Db/Adapter/Pdo/Abstract.php:148)
[previous exception] [object] (PDOException(code: 1044): SQLSTATE[HY000] [1044] Access denied for user 'magento'@'%' to database 'wraptitemanufact_tiudemo' at /var/www/html/vendor/magento/zend-db/library/Zend/Db/Adapter/Pdo/Abstract.php:128)"} []
[2025-08-11T05:55:50.438316+00:00] main.CRITICAL: PDOException: SQLSTATE[HY000] [1044] Access denied for user 'magento'@'%' to database 'wraptitemanufact_tiudemo' in /var/www/html/vendor/magento/zend-db/library/Zend/Db/Adapter/Pdo/Abstract.php:128
Stack trace:
#0 /var/www/html/vendor/magento/zend-db/library/Zend/Db/Adapter/Pdo/Abstract.php(128): PDO->__construct('mysql:host=mysq...', 'magento', Object(SensitiveParameterValue), Array)
#1 /var/www/html/vendor/magento/zend-db/library/Zend/Db/Adapter/Pdo/Mysql.php(111): Zend_Db_Adapter_Pdo_Abstract->_connect()
#2 /var/www/html/vendor/magento/framework/DB/Adapter/Pdo/Mysql.php(512): Zend_Db_Adapter_Pdo_Mysql->_connect()
#3 /var/www/html/vendor/magento/zend-db/library/Zend/Db/Adapter/Abstract.php(460): Magento\Framework\DB\Adapter\Pdo\Mysql->_connect()
#4 /var/www/html/vendor/magento/zend-db/library/Zend/Db/Adapter/Pdo/Abstract.php(242): Zend_Db_Adapter_Abstract->query('SELECT GET_LOCK...', Array)
#5 /var/www/html/vendor/magento/framework/DB/Adapter/Pdo/Mysql.php(641): Zend_Db_Adapter_Pdo_Abstract->query('SELECT GET_LOCK...', Array)
#6 /var/www/html/vendor/magento/framework/DB/Adapter/Pdo/Mysql.php(667): Magento\Framework\DB\Adapter\Pdo\Mysql->Magento\Framework\DB\Adapter\Pdo\{closure}()
#7 /var/www/html/vendor/magento/framework/DB/Adapter/Pdo/Mysql.php(641): Magento\Framework\DB\Adapter\Pdo\Mysql->performQuery(Object(Closure))
#8 /var/www/html/vendor/magento/framework/DB/Adapter/Pdo/Mysql.php(731): Magento\Framework\DB\Adapter\Pdo\Mysql->_query('SELECT GET_LOCK...', Array)
#9 /var/www/html/generated/code/Magento/Framework/DB/Adapter/Pdo/Mysql/Interceptor.php(95): Magento\Framework\DB\Adapter\Pdo\Mysql->query('SELECT GET_LOCK...', Array)
#10 /var/www/html/vendor/magento/framework/Lock/Backend/Database.php(82): Magento\Framework\DB\Adapter\Pdo\Mysql\Interceptor->query('SELECT GET_LOCK...', Array)
#11 /var/www/html/vendor/magento/framework/Lock/Proxy.php(56): Magento\Framework\Lock\Backend\Database->lock('wraptitemanufac...', 0)
#12 /var/www/html/vendor/magento/framework/Cache/LockGuardedCacheLoader.php(129): Magento\Framework\Lock\Proxy->lock('SYSTEM_CONFIG', 0)
#13 /var/www/html/vendor/magento/module-config/App/Config/Type/System.php(287): Magento\Framework\Cache\LockGuardedCacheLoader->lockedLoadData('SYSTEM_CONFIG', Object(Closure), Object(Closure), Object(Closure))
#14 /var/www/html/vendor/magento/module-config/App/Config/Type/System.php(214): Magento\Config\App\Config\Type\System->loadDefaultScopeData()
#15 /var/www/html/vendor/magento/module-config/App/Config/Type/System.php(189): Magento\Config\App\Config\Type\System->getWithParts('default/newreli...')
#16 /var/www/html/vendor/magento/framework/App/Config.php(121): Magento\Config\App\Config\Type\System->get('default/newreli...')
#17 /var/www/html/generated/code/Magento/Framework/App/Config/Interceptor.php(50): Magento\Framework\App\Config->get('system', 'default/newreli...', NULL)
#18 /var/www/html/vendor/magento/framework/App/Config.php(74): Magento\Framework\App\Config\Interceptor->get('system', 'default/newreli...')
#19 /var/www/html/generated/code/Magento/Framework/App/Config/Interceptor.php(23): Magento\Framework\App\Config->getValue('newrelicreporti...', 'default', NULL)
#20 /var/www/html/vendor/magento/framework/App/Config.php(82): Magento\Framework\App\Config\Interceptor->getValue('newrelicreporti...', 'default', NULL)
#21 /var/www/html/generated/code/Magento/Framework/App/Config/Interceptor.php(32): Magento\Framework\App\Config->isSetFlag('newrelicreporti...', 'default', NULL)
#22 /var/www/html/vendor/magento/module-new-relic-reporting/Model/Config.php(94): Magento\Framework\App\Config\Interceptor->isSetFlag('newrelicreporti...')
#23 /var/www/html/vendor/magento/module-new-relic-reporting/Plugin/HttpPlugin.php(49): Magento\NewRelicReporting\Model\Config->isNewRelicEnabled()
#24 /var/www/html/vendor/magento/framework/Interception/Interceptor.php(121): Magento\NewRelicReporting\Plugin\HttpPlugin->beforeCatchException(Object(Magento\Framework\App\Http\Interceptor), Object(Magento\Framework\App\Bootstrap), Object(Zend_Db_Adapter_Exception))
#25 /var/www/html/vendor/magento/framework/Interception/Interceptor.php(153): Magento\Framework\App\Http\Interceptor->Magento\Framework\Interception\{closure}(Object(Magento\Framework\App\Bootstrap), Object(Zend_Db_Adapter_Exception))
#26 /var/www/html/generated/code/Magento/Framework/App/Http/Interceptor.php(32): Magento\Framework\App\Http\Interceptor->___callPlugins('catchException', Array, Array)
#27 /var/www/html/vendor/magento/framework/App/Bootstrap.php(270): Magento\Framework\App\Http\Interceptor->catchException(Object(Magento\Framework\App\Bootstrap), Object(Zend_Db_Adapter_Exception))
#28 /var/www/html/pub/index.php(30): Magento\Framework\App\Bootstrap->run(Object(Magento\Framework\App\Http\Interceptor))
#29 {main}

Next Zend_Db_Adapter_Exception: SQLSTATE[HY000] [1044] Access denied for user 'magento'@'%' to database 'wraptitemanufact_tiudemo' in /var/www/html/vendor/magento/zend-db/library/Zend/Db/Adapter/Pdo/Abstract.php:148
Stack trace:
#0 /var/www/html/vendor/magento/zend-db/library/Zend/Db/Adapter/Pdo/Mysql.php(111): Zend_Db_Adapter_Pdo_Abstract->_connect()
#1 /var/www/html/vendor/magento/framework/DB/Adapter/Pdo/Mysql.php(512): Zend_Db_Adapter_Pdo_Mysql->_connect()
#2 /var/www/html/vendor/magento/zend-db/library/Zend/Db/Adapter/Abstract.php(460): Magento\Framework\DB\Adapter\Pdo\Mysql->_connect()
#3 /var/www/html/vendor/magento/zend-db/library/Zend/Db/Adapter/Pdo/Abstract.php(242): Zend_Db_Adapter_Abstract->query('SELECT GET_LOCK...', Array)
#4 /var/www/html/vendor/magento/framework/DB/Adapter/Pdo/Mysql.php(641): Zend_Db_Adapter_Pdo_Abstract->query('SELECT GET_LOCK...', Array)
#5 /var/www/html/vendor/magento/framework/DB/Adapter/Pdo/Mysql.php(667): Magento\Framework\DB\Adapter\Pdo\Mysql->Magento\Framework\DB\Adapter\Pdo\{closure}()
#6 /var/www/html/vendor/magento/framework/DB/Adapter/Pdo/Mysql.php(641): Magento\Framework\DB\Adapter\Pdo\Mysql->performQuery(Object(Closure))
#7 /var/www/html/vendor/magento/framework/DB/Adapter/Pdo/Mysql.php(731): Magento\Framework\DB\Adapter\Pdo\Mysql->_query('SELECT GET_LOCK...', Array)
#8 /var/www/html/generated/code/Magento/Framework/DB/Adapter/Pdo/Mysql/Interceptor.php(95): Magento\Framework\DB\Adapter\Pdo\Mysql->query('SELECT GET_LOCK...', Array)
#9 /var/www/html/vendor/magento/framework/Lock/Backend/Database.php(82): Magento\Framework\DB\Adapter\Pdo\Mysql\Interceptor->query('SELECT GET_LOCK...', Array)
#10 /var/www/html/vendor/magento/framework/Lock/Proxy.php(56): Magento\Framework\Lock\Backend\Database->lock('wraptitemanufac...', 0)
#11 /var/www/html/vendor/magento/framework/Cache/LockGuardedCacheLoader.php(129): Magento\Framework\Lock\Proxy->lock('SYSTEM_CONFIG', 0)
#12 /var/www/html/vendor/magento/module-config/App/Config/Type/System.php(287): Magento\Framework\Cache\LockGuardedCacheLoader->lockedLoadData('SYSTEM_CONFIG', Object(Closure), Object(Closure), Object(Closure))
#13 /var/www/html/vendor/magento/module-config/App/Config/Type/System.php(214): Magento\Config\App\Config\Type\System->loadDefaultScopeData()
#14 /var/www/html/vendor/magento/module-config/App/Config/Type/System.php(189): Magento\Config\App\Config\Type\System->getWithParts('default/newreli...')
#15 /var/www/html/vendor/magento/framework/App/Config.php(121): Magento\Config\App\Config\Type\System->get('default/newreli...')
#16 /var/www/html/generated/code/Magento/Framework/App/Config/Interceptor.php(50): Magento\Framework\App\Config->get('system', 'default/newreli...', NULL)
#17 /var/www/html/vendor/magento/framework/App/Config.php(74): Magento\Framework\App\Config\Interceptor->get('system', 'default/newreli...')
#18 /var/www/html/generated/code/Magento/Framework/App/Config/Interceptor.php(23): Magento\Framework\App\Config->getValue('newrelicreporti...', 'default', NULL)
#19 /var/www/html/vendor/magento/framework/App/Config.php(82): Magento\Framework\App\Config\Interceptor->getValue('newrelicreporti...', 'default', NULL)
#20 /var/www/html/generated/code/Magento/Framework/App/Config/Interceptor.php(32): Magento\Framework\App\Config->isSetFlag('newrelicreporti...', 'default', NULL)
#21 /var/www/html/vendor/magento/module-new-relic-reporting/Model/Config.php(94): Magento\Framework\App\Config\Interceptor->isSetFlag('newrelicreporti...')
#22 /var/www/html/vendor/magento/module-new-relic-reporting/Plugin/HttpPlugin.php(49): Magento\NewRelicReporting\Model\Config->isNewRelicEnabled()
#23 /var/www/html/vendor/magento/framework/Interception/Interceptor.php(121): Magento\NewRelicReporting\Plugin\HttpPlugin->beforeCatchException(Object(Magento\Framework\App\Http\Interceptor), Object(Magento\Framework\App\Bootstrap), Object(Zend_Db_Adapter_Exception))
#24 /var/www/html/vendor/magento/framework/Interception/Interceptor.php(153): Magento\Framework\App\Http\Interceptor->Magento\Framework\Interception\{closure}(Object(Magento\Framework\App\Bootstrap), Object(Zend_Db_Adapter_Exception))
#25 /var/www/html/generated/code/Magento/Framework/App/Http/Interceptor.php(32): Magento\Framework\App\Http\Interceptor->___callPlugins('catchException', Array, Array)
#26 /var/www/html/vendor/magento/framework/App/Bootstrap.php(270): Magento\Framework\App\Http\Interceptor->catchException(Object(Magento\Framework\App\Bootstrap), Object(Zend_Db_Adapter_Exception))
#27 /var/www/html/pub/index.php(30): Magento\Framework\App\Bootstrap->run(Object(Magento\Framework\App\Http\Interceptor))
#28 {main} {"exception":"[object] (Zend_Db_Adapter_Exception(code: 1044): SQLSTATE[HY000] [1044] Access denied for user 'magento'@'%' to database 'wraptitemanufact_tiudemo' at /var/www/html/vendor/magento/zend-db/library/Zend/Db/Adapter/Pdo/Abstract.php:148)
[previous exception] [object] (PDOException(code: 1044): SQLSTATE[HY000] [1044] Access denied for user 'magento'@'%' to database 'wraptitemanufact_tiudemo' at /var/www/html/vendor/magento/zend-db/library/Zend/Db/Adapter/Pdo/Abstract.php:128)"} []
[2025-08-11T05:55:58.153045+00:00] main.CRITICAL: PDOException: SQLSTATE[HY000] [1044] Access denied for user 'magento'@'%' to database 'wraptitemanufact_tiudemo' in /var/www/html/vendor/magento/zend-db/library/Zend/Db/Adapter/Pdo/Abstract.php:128
Stack trace:
#0 /var/www/html/vendor/magento/zend-db/library/Zend/Db/Adapter/Pdo/Abstract.php(128): PDO->__construct('mysql:host=mysq...', 'magento', Object(SensitiveParameterValue), Array)
#1 /var/www/html/vendor/magento/zend-db/library/Zend/Db/Adapter/Pdo/Mysql.php(111): Zend_Db_Adapter_Pdo_Abstract->_connect()
#2 /var/www/html/vendor/magento/framework/DB/Adapter/Pdo/Mysql.php(512): Zend_Db_Adapter_Pdo_Mysql->_connect()
#3 /var/www/html/vendor/magento/zend-db/library/Zend/Db/Adapter/Abstract.php(460): Magento\Framework\DB\Adapter\Pdo\Mysql->_connect()
#4 /var/www/html/vendor/magento/zend-db/library/Zend/Db/Adapter/Pdo/Abstract.php(242): Zend_Db_Adapter_Abstract->query('SELECT GET_LOCK...', Array)
#5 /var/www/html/vendor/magento/framework/DB/Adapter/Pdo/Mysql.php(641): Zend_Db_Adapter_Pdo_Abstract->query('SELECT GET_LOCK...', Array)
#6 /var/www/html/vendor/magento/framework/DB/Adapter/Pdo/Mysql.php(667): Magento\Framework\DB\Adapter\Pdo\Mysql->Magento\Framework\DB\Adapter\Pdo\{closure}()
#7 /var/www/html/vendor/magento/framework/DB/Adapter/Pdo/Mysql.php(641): Magento\Framework\DB\Adapter\Pdo\Mysql->performQuery(Object(Closure))
#8 /var/www/html/vendor/magento/framework/DB/Adapter/Pdo/Mysql.php(731): Magento\Framework\DB\Adapter\Pdo\Mysql->_query('SELECT GET_LOCK...', Array)
#9 /var/www/html/generated/code/Magento/Framework/DB/Adapter/Pdo/Mysql/Interceptor.php(95): Magento\Framework\DB\Adapter\Pdo\Mysql->query('SELECT GET_LOCK...', Array)
#10 /var/www/html/vendor/magento/framework/Lock/Backend/Database.php(82): Magento\Framework\DB\Adapter\Pdo\Mysql\Interceptor->query('SELECT GET_LOCK...', Array)
#11 /var/www/html/vendor/magento/framework/Lock/Proxy.php(56): Magento\Framework\Lock\Backend\Database->lock('wraptitemanufac...', 0)
#12 /var/www/html/vendor/magento/framework/Cache/LockGuardedCacheLoader.php(129): Magento\Framework\Lock\Proxy->lock('SYSTEM_CONFIG', 0)
#13 /var/www/html/vendor/magento/module-config/App/Config/Type/System.php(287): Magento\Framework\Cache\LockGuardedCacheLoader->lockedLoadData('SYSTEM_CONFIG', Object(Closure), Object(Closure), Object(Closure))
#14 /var/www/html/vendor/magento/module-config/App/Config/Type/System.php(214): Magento\Config\App\Config\Type\System->loadDefaultScopeData()
#15 /var/www/html/vendor/magento/module-config/App/Config/Type/System.php(189): Magento\Config\App\Config\Type\System->getWithParts('default/newreli...')
#16 /var/www/html/vendor/magento/framework/App/Config.php(121): Magento\Config\App\Config\Type\System->get('default/newreli...')
#17 /var/www/html/generated/code/Magento/Framework/App/Config/Interceptor.php(50): Magento\Framework\App\Config->get('system', 'default/newreli...', NULL)
#18 /var/www/html/vendor/magento/framework/App/Config.php(74): Magento\Framework\App\Config\Interceptor->get('system', 'default/newreli...')
#19 /var/www/html/generated/code/Magento/Framework/App/Config/Interceptor.php(23): Magento\Framework\App\Config->getValue('newrelicreporti...', 'default', NULL)
#20 /var/www/html/vendor/magento/framework/App/Config.php(82): Magento\Framework\App\Config\Interceptor->getValue('newrelicreporti...', 'default', NULL)
#21 /var/www/html/generated/code/Magento/Framework/App/Config/Interceptor.php(32): Magento\Framework\App\Config->isSetFlag('newrelicreporti...', 'default', NULL)
#22 /var/www/html/vendor/magento/module-new-relic-reporting/Model/Config.php(94): Magento\Framework\App\Config\Interceptor->isSetFlag('newrelicreporti...')
#23 /var/www/html/vendor/magento/module-new-relic-reporting/Plugin/HttpPlugin.php(49): Magento\NewRelicReporting\Model\Config->isNewRelicEnabled()
#24 /var/www/html/vendor/magento/framework/Interception/Interceptor.php(121): Magento\NewRelicReporting\Plugin\HttpPlugin->beforeCatchException(Object(Magento\Framework\App\Http\Interceptor), Object(Magento\Framework\App\Bootstrap), Object(Zend_Db_Adapter_Exception))
#25 /var/www/html/vendor/magento/framework/Interception/Interceptor.php(153): Magento\Framework\App\Http\Interceptor->Magento\Framework\Interception\{closure}(Object(Magento\Framework\App\Bootstrap), Object(Zend_Db_Adapter_Exception))
#26 /var/www/html/generated/code/Magento/Framework/App/Http/Interceptor.php(32): Magento\Framework\App\Http\Interceptor->___callPlugins('catchException', Array, Array)
#27 /var/www/html/vendor/magento/framework/App/Bootstrap.php(270): Magento\Framework\App\Http\Interceptor->catchException(Object(Magento\Framework\App\Bootstrap), Object(Zend_Db_Adapter_Exception))
#28 /var/www/html/pub/index.php(30): Magento\Framework\App\Bootstrap->run(Object(Magento\Framework\App\Http\Interceptor))
#29 {main}

Next Zend_Db_Adapter_Exception: SQLSTATE[HY000] [1044] Access denied for user 'magento'@'%' to database 'wraptitemanufact_tiudemo' in /var/www/html/vendor/magento/zend-db/library/Zend/Db/Adapter/Pdo/Abstract.php:148
Stack trace:
#0 /var/www/html/vendor/magento/zend-db/library/Zend/Db/Adapter/Pdo/Mysql.php(111): Zend_Db_Adapter_Pdo_Abstract->_connect()
#1 /var/www/html/vendor/magento/framework/DB/Adapter/Pdo/Mysql.php(512): Zend_Db_Adapter_Pdo_Mysql->_connect()
#2 /var/www/html/vendor/magento/zend-db/library/Zend/Db/Adapter/Abstract.php(460): Magento\Framework\DB\Adapter\Pdo\Mysql->_connect()
#3 /var/www/html/vendor/magento/zend-db/library/Zend/Db/Adapter/Pdo/Abstract.php(242): Zend_Db_Adapter_Abstract->query('SELECT GET_LOCK...', Array)
#4 /var/www/html/vendor/magento/framework/DB/Adapter/Pdo/Mysql.php(641): Zend_Db_Adapter_Pdo_Abstract->query('SELECT GET_LOCK...', Array)
#5 /var/www/html/vendor/magento/framework/DB/Adapter/Pdo/Mysql.php(667): Magento\Framework\DB\Adapter\Pdo\Mysql->Magento\Framework\DB\Adapter\Pdo\{closure}()
#6 /var/www/html/vendor/magento/framework/DB/Adapter/Pdo/Mysql.php(641): Magento\Framework\DB\Adapter\Pdo\Mysql->performQuery(Object(Closure))
#7 /var/www/html/vendor/magento/framework/DB/Adapter/Pdo/Mysql.php(731): Magento\Framework\DB\Adapter\Pdo\Mysql->_query('SELECT GET_LOCK...', Array)
#8 /var/www/html/generated/code/Magento/Framework/DB/Adapter/Pdo/Mysql/Interceptor.php(95): Magento\Framework\DB\Adapter\Pdo\Mysql->query('SELECT GET_LOCK...', Array)
#9 /var/www/html/vendor/magento/framework/Lock/Backend/Database.php(82): Magento\Framework\DB\Adapter\Pdo\Mysql\Interceptor->query('SELECT GET_LOCK...', Array)
#10 /var/www/html/vendor/magento/framework/Lock/Proxy.php(56): Magento\Framework\Lock\Backend\Database->lock('wraptitemanufac...', 0)
#11 /var/www/html/vendor/magento/framework/Cache/LockGuardedCacheLoader.php(129): Magento\Framework\Lock\Proxy->lock('SYSTEM_CONFIG', 0)
#12 /var/www/html/vendor/magento/module-config/App/Config/Type/System.php(287): Magento\Framework\Cache\LockGuardedCacheLoader->lockedLoadData('SYSTEM_CONFIG', Object(Closure), Object(Closure), Object(Closure))
#13 /var/www/html/vendor/magento/module-config/App/Config/Type/System.php(214): Magento\Config\App\Config\Type\System->loadDefaultScopeData()
#14 /var/www/html/vendor/magento/module-config/App/Config/Type/System.php(189): Magento\Config\App\Config\Type\System->getWithParts('default/newreli...')
#15 /var/www/html/vendor/magento/framework/App/Config.php(121): Magento\Config\App\Config\Type\System->get('default/newreli...')
#16 /var/www/html/generated/code/Magento/Framework/App/Config/Interceptor.php(50): Magento\Framework\App\Config->get('system', 'default/newreli...', NULL)
#17 /var/www/html/vendor/magento/framework/App/Config.php(74): Magento\Framework\App\Config\Interceptor->get('system', 'default/newreli...')
#18 /var/www/html/generated/code/Magento/Framework/App/Config/Interceptor.php(23): Magento\Framework\App\Config->getValue('newrelicreporti...', 'default', NULL)
#19 /var/www/html/vendor/magento/framework/App/Config.php(82): Magento\Framework\App\Config\Interceptor->getValue('newrelicreporti...', 'default', NULL)
#20 /var/www/html/generated/code/Magento/Framework/App/Config/Interceptor.php(32): Magento\Framework\App\Config->isSetFlag('newrelicreporti...', 'default', NULL)
#21 /var/www/html/vendor/magento/module-new-relic-reporting/Model/Config.php(94): Magento\Framework\App\Config\Interceptor->isSetFlag('newrelicreporti...')
#22 /var/www/html/vendor/magento/module-new-relic-reporting/Plugin/HttpPlugin.php(49): Magento\NewRelicReporting\Model\Config->isNewRelicEnabled()
#23 /var/www/html/vendor/magento/framework/Interception/Interceptor.php(121): Magento\NewRelicReporting\Plugin\HttpPlugin->beforeCatchException(Object(Magento\Framework\App\Http\Interceptor), Object(Magento\Framework\App\Bootstrap), Object(Zend_Db_Adapter_Exception))
#24 /var/www/html/vendor/magento/framework/Interception/Interceptor.php(153): Magento\Framework\App\Http\Interceptor->Magento\Framework\Interception\{closure}(Object(Magento\Framework\App\Bootstrap), Object(Zend_Db_Adapter_Exception))
#25 /var/www/html/generated/code/Magento/Framework/App/Http/Interceptor.php(32): Magento\Framework\App\Http\Interceptor->___callPlugins('catchException', Array, Array)
#26 /var/www/html/vendor/magento/framework/App/Bootstrap.php(270): Magento\Framework\App\Http\Interceptor->catchException(Object(Magento\Framework\App\Bootstrap), Object(Zend_Db_Adapter_Exception))
#27 /var/www/html/pub/index.php(30): Magento\Framework\App\Bootstrap->run(Object(Magento\Framework\App\Http\Interceptor))
#28 {main} {"exception":"[object] (Zend_Db_Adapter_Exception(code: 1044): SQLSTATE[HY000] [1044] Access denied for user 'magento'@'%' to database 'wraptitemanufact_tiudemo' at /var/www/html/vendor/magento/zend-db/library/Zend/Db/Adapter/Pdo/Abstract.php:148)
[previous exception] [object] (PDOException(code: 1044): SQLSTATE[HY000] [1044] Access denied for user 'magento'@'%' to database 'wraptitemanufact_tiudemo' at /var/www/html/vendor/magento/zend-db/library/Zend/Db/Adapter/Pdo/Abstract.php:128)"} []
[2025-08-11T06:39:50.137777+00:00] main.CRITICAL: ReflectionException: Class "Magento\PaymentServicesPaypal\Controller\Router\Interceptor" does not exist in /var/www/html/vendor/magento/framework/Code/Reader/ClassReader.php:34
Stack trace:
#0 /var/www/html/vendor/magento/framework/Code/Reader/ClassReader.php(34): ReflectionClass->__construct('Magento\\Payment...')
#1 /var/www/html/vendor/magento/framework/ObjectManager/Definition/Runtime.php(50): Magento\Framework\Code\Reader\ClassReader->getConstructor('Magento\\Payment...')
#2 /var/www/html/vendor/magento/framework/ObjectManager/Factory/Dynamic/Developer.php(48): Magento\Framework\ObjectManager\Definition\Runtime->getParameters('Magento\\Payment...')
#3 /var/www/html/vendor/magento/framework/ObjectManager/ObjectManager.php(59): Magento\Framework\ObjectManager\Factory\Dynamic\Developer->create('Magento\\Payment...', Array)
#4 /var/www/html/vendor/magento/framework/App/RouterList.php(50): Magento\Framework\ObjectManager\ObjectManager->create('Magento\\Payment...')
#5 /var/www/html/vendor/magento/framework/App/RouterList.php(65): Magento\Framework\App\RouterList->getRouterInstance('wellknown')
#6 /var/www/html/vendor/magento/framework/App/FrontController.php(142): Magento\Framework\App\RouterList->current()
#7 /var/www/html/vendor/magento/framework/Interception/Interceptor.php(58): Magento\Framework\App\FrontController->dispatch(Object(Magento\Framework\App\Request\Http))
#8 /var/www/html/vendor/magento/framework/Interception/Interceptor.php(138): Magento\Framework\App\FrontController\Interceptor->___callParent('dispatch', Array)
#9 /var/www/html/vendor/magento/module-store/App/FrontController/Plugin/RequestPreprocessor.php(99): Magento\Framework\App\FrontController\Interceptor->Magento\Framework\Interception\{closure}(Object(Magento\Framework\App\Request\Http))
#10 /var/www/html/vendor/magento/framework/Interception/Interceptor.php(135): Magento\Store\App\FrontController\Plugin\RequestPreprocessor->aroundDispatch(Object(Magento\Framework\App\FrontController\Interceptor), Object(Closure), Object(Magento\Framework\App\Request\Http))
#11 /var/www/html/vendor/magento/module-page-cache/Model/App/FrontController/BuiltinPlugin.php(76): Magento\Framework\App\FrontController\Interceptor->Magento\Framework\Interception\{closure}(Object(Magento\Framework\App\Request\Http))
#12 /var/www/html/vendor/magento/framework/Interception/Interceptor.php(135): Magento\PageCache\Model\App\FrontController\BuiltinPlugin->aroundDispatch(Object(Magento\Framework\App\FrontController\Interceptor), Object(Closure), Object(Magento\Framework\App\Request\Http))
#13 /var/www/html/vendor/magento/framework/Interception/Interceptor.php(153): Magento\Framework\App\FrontController\Interceptor->Magento\Framework\Interception\{closure}(Object(Magento\Framework\App\Request\Http))
#14 /var/www/html/generated/code/Magento/Framework/App/FrontController/Interceptor.php(23): Magento\Framework\App\FrontController\Interceptor->___callPlugins('dispatch', Array, NULL)
#15 /var/www/html/vendor/magento/framework/App/Http.php(116): Magento\Framework\App\FrontController\Interceptor->dispatch(Object(Magento\Framework\App\Request\Http))
#16 /var/www/html/vendor/magento/framework/Interception/Interceptor.php(58): Magento\Framework\App\Http->launch()
#17 /var/www/html/vendor/magento/framework/Interception/Interceptor.php(138): Magento\Framework\App\Http\Interceptor->___callParent('launch', Array)
#18 /var/www/html/vendor/magento/module-application-performance-monitor/Plugin/ApplicationPerformanceMonitor.php(38): Magento\Framework\App\Http\Interceptor->Magento\Framework\Interception\{closure}()
#19 /var/www/html/vendor/magento/framework/Interception/Interceptor.php(135): Magento\ApplicationPerformanceMonitor\Plugin\ApplicationPerformanceMonitor->aroundLaunch(Object(Magento\Framework\App\Http\Interceptor), Object(Closure))
#20 /var/www/html/vendor/magento/framework/Interception/Interceptor.php(153): Magento\Framework\App\Http\Interceptor->Magento\Framework\Interception\{closure}()
#21 /var/www/html/generated/code/Magento/Framework/App/Http/Interceptor.php(23): Magento\Framework\App\Http\Interceptor->___callPlugins('launch', Array, NULL)
#22 /var/www/html/vendor/magento/framework/App/Bootstrap.php(264): Magento\Framework\App\Http\Interceptor->launch()
#23 /var/www/html/pub/index.php(30): Magento\Framework\App\Bootstrap->run(Object(Magento\Framework\App\Http\Interceptor))
#24 {main} {"report_id":"b86413b4a857f573fea05095155f270713580f3f7a50c13bae68dc41c4b66eab","exception":"[object] (ReflectionException(code: -1): Class \"Magento\\PaymentServicesPaypal\\Controller\\Router\\Interceptor\" does not exist at /var/www/html/vendor/magento/framework/Code/Reader/ClassReader.php:34)"} []
[2025-08-11T06:39:50.339640+00:00] main.CRITICAL: ReflectionException: Class "Magento\PaymentServicesPaypal\Controller\Router\Interceptor" does not exist in /var/www/html/vendor/magento/framework/Code/Reader/ClassReader.php:34
Stack trace:
#0 /var/www/html/vendor/magento/framework/Code/Reader/ClassReader.php(34): ReflectionClass->__construct('Magento\\Payment...')
#1 /var/www/html/vendor/magento/framework/ObjectManager/Definition/Runtime.php(50): Magento\Framework\Code\Reader\ClassReader->getConstructor('Magento\\Payment...')
#2 /var/www/html/vendor/magento/framework/ObjectManager/Factory/Dynamic/Developer.php(48): Magento\Framework\ObjectManager\Definition\Runtime->getParameters('Magento\\Payment...')
#3 /var/www/html/vendor/magento/framework/ObjectManager/ObjectManager.php(59): Magento\Framework\ObjectManager\Factory\Dynamic\Developer->create('Magento\\Payment...', Array)
#4 /var/www/html/vendor/magento/framework/App/RouterList.php(50): Magento\Framework\ObjectManager\ObjectManager->create('Magento\\Payment...')
#5 /var/www/html/vendor/magento/framework/App/RouterList.php(65): Magento\Framework\App\RouterList->getRouterInstance('wellknown')
#6 /var/www/html/vendor/magento/framework/App/FrontController.php(142): Magento\Framework\App\RouterList->current()
#7 /var/www/html/vendor/magento/framework/Interception/Interceptor.php(58): Magento\Framework\App\FrontController->dispatch(Object(Magento\Framework\App\Request\Http))
#8 /var/www/html/vendor/magento/framework/Interception/Interceptor.php(138): Magento\Framework\App\FrontController\Interceptor->___callParent('dispatch', Array)
#9 /var/www/html/vendor/magento/module-store/App/FrontController/Plugin/RequestPreprocessor.php(99): Magento\Framework\App\FrontController\Interceptor->Magento\Framework\Interception\{closure}(Object(Magento\Framework\App\Request\Http))
#10 /var/www/html/vendor/magento/framework/Interception/Interceptor.php(135): Magento\Store\App\FrontController\Plugin\RequestPreprocessor->aroundDispatch(Object(Magento\Framework\App\FrontController\Interceptor), Object(Closure), Object(Magento\Framework\App\Request\Http))
#11 /var/www/html/vendor/magento/module-page-cache/Model/App/FrontController/BuiltinPlugin.php(76): Magento\Framework\App\FrontController\Interceptor->Magento\Framework\Interception\{closure}(Object(Magento\Framework\App\Request\Http))
#12 /var/www/html/vendor/magento/framework/Interception/Interceptor.php(135): Magento\PageCache\Model\App\FrontController\BuiltinPlugin->aroundDispatch(Object(Magento\Framework\App\FrontController\Interceptor), Object(Closure), Object(Magento\Framework\App\Request\Http))
#13 /var/www/html/vendor/magento/framework/Interception/Interceptor.php(153): Magento\Framework\App\FrontController\Interceptor->Magento\Framework\Interception\{closure}(Object(Magento\Framework\App\Request\Http))
#14 /var/www/html/generated/code/Magento/Framework/App/FrontController/Interceptor.php(23): Magento\Framework\App\FrontController\Interceptor->___callPlugins('dispatch', Array, NULL)
#15 /var/www/html/vendor/magento/framework/App/Http.php(116): Magento\Framework\App\FrontController\Interceptor->dispatch(Object(Magento\Framework\App\Request\Http))
#16 /var/www/html/vendor/magento/framework/Interception/Interceptor.php(58): Magento\Framework\App\Http->launch()
#17 /var/www/html/vendor/magento/framework/Interception/Interceptor.php(138): Magento\Framework\App\Http\Interceptor->___callParent('launch', Array)
#18 /var/www/html/vendor/magento/module-application-performance-monitor/Plugin/ApplicationPerformanceMonitor.php(38): Magento\Framework\App\Http\Interceptor->Magento\Framework\Interception\{closure}()
#19 /var/www/html/vendor/magento/framework/Interception/Interceptor.php(135): Magento\ApplicationPerformanceMonitor\Plugin\ApplicationPerformanceMonitor->aroundLaunch(Object(Magento\Framework\App\Http\Interceptor), Object(Closure))
#20 /var/www/html/vendor/magento/framework/Interception/Interceptor.php(153): Magento\Framework\App\Http\Interceptor->Magento\Framework\Interception\{closure}()
#21 /var/www/html/generated/code/Magento/Framework/App/Http/Interceptor.php(23): Magento\Framework\App\Http\Interceptor->___callPlugins('launch', Array, NULL)
#22 /var/www/html/vendor/magento/framework/App/Bootstrap.php(264): Magento\Framework\App\Http\Interceptor->launch()
#23 /var/www/html/pub/index.php(30): Magento\Framework\App\Bootstrap->run(Object(Magento\Framework\App\Http\Interceptor))
#24 {main} {"report_id":"b86413b4a857f573fea05095155f270713580f3f7a50c13bae68dc41c4b66eab","exception":"[object] (ReflectionException(code: -1): Class \"Magento\\PaymentServicesPaypal\\Controller\\Router\\Interceptor\" does not exist at /var/www/html/vendor/magento/framework/Code/Reader/ClassReader.php:34)"} []
